[2018-06-06 08:24:35] INFO  WEBrick 1.4.2
[2018-06-06 08:24:35] INFO  ruby 2.5.0 (2017-12-25) [x86_64-darwin17]
[2018-06-06 08:24:35] INFO  WEBrick::HTTPServer#start: pid=22708 port=4567
127.0.0.1 - - [06/Jun/2018:08:25:37 +0200] "POST /1 HTTP/1.1" 201 17 0.0351
2018-06-06 08:26:01 - TypeError - no implicit conversion of Regexp into String:
	/Users/marcinchabiera/Documents/projects/sinatra-logger/sinatra-logger.rb:12:in `gsub'
	/Users/marcinchabiera/Documents/projects/sinatra-logger/sinatra-logger.rb:12:in `block (2 levels) in <class:App>'
	/Users/marcinchabiera/Documents/projects/sinatra-logger/sinatra-logger.rb:10:in `each'
	/Users/marcinchabiera/Documents/projects/sinatra-logger/sinatra-logger.rb:10:in `block in <class:App>'
	/Users/marcinchabiera/.rbenv/versions/2.5.0/lib/ruby/gems/2.5.0/gems/sinatra-2.0.1/lib/sinatra/base.rb:1634:in `call'
	/Users/marcinchabiera/.rbenv/versions/2.5.0/lib/ruby/gems/2.5.0/gems/sinatra-2.0.1/lib/sinatra/base.rb:1634:in `block in compile!'
	/Users/marcinchabiera/.rbenv/versions/2.5.0/lib/ruby/gems/2.5.0/gems/sinatra-2.0.1/lib/sinatra/base.rb:992:in `block (3 levels) in route!'
	/Users/marcinchabiera/.rbenv/versions/2.5.0/lib/ruby/gems/2.5.0/gems/sinatra-2.0.1/lib/sinatra/base.rb:1011:in `route_eval'
	/Users/marcinchabiera/.rbenv/versions/2.5.0/lib/ruby/gems/2.5.0/gems/sinatra-2.0.1/lib/sinatra/base.rb:992:in `block (2 levels) in route!'
	/Users/marcinchabiera/.rbenv/versions/2.5.0/lib/ruby/gems/2.5.0/gems/sinatra-2.0.1/lib/sinatra/base.rb:1039:in `block in process_route'
	/Users/marcinchabiera/.rbenv/versions/2.5.0/lib/ruby/gems/2.5.0/gems/sinatra-2.0.1/lib/sinatra/base.rb:1037:in `catch'
	/Users/marcinchabiera/.rbenv/versions/2.5.0/lib/ruby/gems/2.5.0/gems/sinatra-2.0.1/lib/sinatra/base.rb:1037:in `process_route'
	/Users/marcinchabiera/.rbenv/versions/2.5.0/lib/ruby/gems/2.5.0/gems/sinatra-2.0.1/lib/sinatra/base.rb:990:in `block in route!'
	/Users/marcinchabiera/.rbenv/versions/2.5.0/lib/ruby/gems/2.5.0/gems/sinatra-2.0.1/lib/sinatra/base.rb:989:in `each'
	/Users/marcinchabiera/.rbenv/versions/2.5.0/lib/ruby/gems/2.5.0/gems/sinatra-2.0.1/lib/sinatra/base.rb:989:in `route!'
	/Users/marcinchabiera/.rbenv/versions/2.5.0/lib/ruby/gems/2.5.0/gems/sinatra-2.0.1/lib/sinatra/base.rb:1096:in `block in dispatch!'
	/Users/marcinchabiera/.rbenv/versions/2.5.0/lib/ruby/gems/2.5.0/gems/sinatra-2.0.1/lib/sinatra/base.rb:1075:in `block in invoke'
	/Users/marcinchabiera/.rbenv/versions/2.5.0/lib/ruby/gems/2.5.0/gems/sinatra-2.0.1/lib/sinatra/base.rb:1075:in `catch'
	/Users/marcinchabiera/.rbenv/versions/2.5.0/lib/ruby/gems/2.5.0/gems/sinatra-2.0.1/lib/sinatra/base.rb:1075:in `invoke'
	/Users/marcinchabiera/.rbenv/versions/2.5.0/lib/ruby/gems/2.5.0/gems/sinatra-2.0.1/lib/sinatra/base.rb:1093:in `dispatch!'
	/Users/marcinchabiera/.rbenv/versions/2.5.0/lib/ruby/gems/2.5.0/gems/sinatra-2.0.1/lib/sinatra/base.rb:924:in `block in call!'
	/Users/marcinchabiera/.rbenv/versions/2.5.0/lib/ruby/gems/2.5.0/gems/sinatra-2.0.1/lib/sinatra/base.rb:1075:in `block in invoke'
	/Users/marcinchabiera/.rbenv/versions/2.5.0/lib/ruby/gems/2.5.0/gems/sinatra-2.0.1/lib/sinatra/base.rb:1075:in `catch'
	/Users/marcinchabiera/.rbenv/versions/2.5.0/lib/ruby/gems/2.5.0/gems/sinatra-2.0.1/lib/sinatra/base.rb:1075:in `invoke'
	/Users/marcinchabiera/.rbenv/versions/2.5.0/lib/ruby/gems/2.5.0/gems/sinatra-2.0.1/lib/sinatra/base.rb:924:in `call!'
	/Users/marcinchabiera/.rbenv/versions/2.5.0/lib/ruby/gems/2.5.0/gems/sinatra-2.0.1/lib/sinatra/base.rb:913:in `call'
	/Users/marcinchabiera/.rbenv/versions/2.5.0/lib/ruby/gems/2.5.0/gems/rack-protection-2.0.1/lib/rack/protection/xss_header.rb:18:in `call'
	/Users/marcinchabiera/.rbenv/versions/2.5.0/lib/ruby/gems/2.5.0/gems/rack-protection-2.0.1/lib/rack/protection/path_traversal.rb:16:in `call'
	/Users/marcinchabiera/.rbenv/versions/2.5.0/lib/ruby/gems/2.5.0/gems/rack-protection-2.0.1/lib/rack/protection/json_csrf.rb:26:in `call'
	/Users/marcinchabiera/.rbenv/versions/2.5.0/lib/ruby/gems/2.5.0/gems/rack-protection-2.0.1/lib/rack/protection/base.rb:50:in `call'
	/Users/marcinchabiera/.rbenv/versions/2.5.0/lib/ruby/gems/2.5.0/gems/rack-protection-2.0.1/lib/rack/protection/base.rb:50:in `call'
	/Users/marcinchabiera/.rbenv/versions/2.5.0/lib/ruby/gems/2.5.0/gems/rack-protection-2.0.1/lib/rack/protection/frame_options.rb:31:in `call'
	/Users/marcinchabiera/.rbenv/versions/2.5.0/lib/ruby/gems/2.5.0/gems/rack-2.0.5/lib/rack/null_logger.rb:9:in `call'
	/Users/marcinchabiera/.rbenv/versions/2.5.0/lib/ruby/gems/2.5.0/gems/rack-2.0.5/lib/rack/head.rb:12:in `call'
	/Users/marcinchabiera/.rbenv/versions/2.5.0/lib/ruby/gems/2.5.0/gems/sinatra-2.0.1/lib/sinatra/show_exceptions.rb:22:in `call'
	/Users/marcinchabiera/.rbenv/versions/2.5.0/lib/ruby/gems/2.5.0/gems/sinatra-2.0.1/lib/sinatra/base.rb:194:in `call'
	/Users/marcinchabiera/.rbenv/versions/2.5.0/lib/ruby/gems/2.5.0/gems/sinatra-2.0.1/lib/sinatra/base.rb:1957:in `call'
	/Users/marcinchabiera/.rbenv/versions/2.5.0/lib/ruby/gems/2.5.0/gems/sinatra-2.0.1/lib/sinatra/base.rb:1501:in `block in call'
	/Users/marcinchabiera/.rbenv/versions/2.5.0/lib/ruby/gems/2.5.0/gems/sinatra-2.0.1/lib/sinatra/base.rb:1728:in `synchronize'
	/Users/marcinchabiera/.rbenv/versions/2.5.0/lib/ruby/gems/2.5.0/gems/sinatra-2.0.1/lib/sinatra/base.rb:1501:in `call'
	/Users/marcinchabiera/.rbenv/versions/2.5.0/lib/ruby/gems/2.5.0/gems/rack-2.0.5/lib/rack/tempfile_reaper.rb:15:in `call'
	/Users/marcinchabiera/.rbenv/versions/2.5.0/lib/ruby/gems/2.5.0/gems/rack-2.0.5/lib/rack/lint.rb:49:in `_call'
	/Users/marcinchabiera/.rbenv/versions/2.5.0/lib/ruby/gems/2.5.0/gems/rack-2.0.5/lib/rack/lint.rb:37:in `call'
	/Users/marcinchabiera/.rbenv/versions/2.5.0/lib/ruby/gems/2.5.0/gems/rack-2.0.5/lib/rack/show_exceptions.rb:23:in `call'
	/Users/marcinchabiera/.rbenv/versions/2.5.0/lib/ruby/gems/2.5.0/gems/rack-2.0.5/lib/rack/common_logger.rb:33:in `call'
	/Users/marcinchabiera/.rbenv/versions/2.5.0/lib/ruby/gems/2.5.0/gems/sinatra-2.0.1/lib/sinatra/base.rb:231:in `call'
	/Users/marcinchabiera/.rbenv/versions/2.5.0/lib/ruby/gems/2.5.0/gems/rack-2.0.5/lib/rack/chunked.rb:54:in `call'
	/Users/marcinchabiera/.rbenv/versions/2.5.0/lib/ruby/gems/2.5.0/gems/rack-2.0.5/lib/rack/content_length.rb:15:in `call'
	/Users/marcinchabiera/.rbenv/versions/2.5.0/lib/ruby/gems/2.5.0/gems/rack-2.0.5/lib/rack/handler/webrick.rb:86:in `service'
	/Users/marcinchabiera/.rbenv/versions/2.5.0/lib/ruby/2.5.0/webrick/httpserver.rb:140:in `service'
	/Users/marcinchabiera/.rbenv/versions/2.5.0/lib/ruby/2.5.0/webrick/httpserver.rb:96:in `run'
	/Users/marcinchabiera/.rbenv/versions/2.5.0/lib/ruby/2.5.0/webrick/server.rb:307:in `block in start_thread'
127.0.0.1 - - [06/Jun/2018:08:26:01 +0200] "GET / HTTP/1.1" 500 153942 0.0719
127.0.0.1 - - [06/Jun/2018:08:26:01 +0200] "GET /robots.txt HTTP/1.1" 404 1134 0.0573
127.0.0.1 - - [06/Jun/2018:08:26:01 +0200] "GET /__sinatra__/500.png HTTP/1.1" 200 24378 0.0075
127.0.0.1 - - [06/Jun/2018:08:26:01 +0200] "GET /favicon.ico HTTP/1.1" 404 1134 0.0025
2018-06-06 08:26:34 - TypeError - no implicit conversion of Regexp into String:
	/Users/marcinchabiera/Documents/projects/sinatra-logger/sinatra-logger.rb:12:in `gsub'
	/Users/marcinchabiera/Documents/projects/sinatra-logger/sinatra-logger.rb:12:in `block (2 levels) in <class:App>'
	/Users/marcinchabiera/Documents/projects/sinatra-logger/sinatra-logger.rb:10:in `each'
	/Users/marcinchabiera/Documents/projects/sinatra-logger/sinatra-logger.rb:10:in `block in <class:App>'
	/Users/marcinchabiera/.rbenv/versions/2.5.0/lib/ruby/gems/2.5.0/gems/sinatra-2.0.1/lib/sinatra/base.rb:1634:in `call'
	/Users/marcinchabiera/.rbenv/versions/2.5.0/lib/ruby/gems/2.5.0/gems/sinatra-2.0.1/lib/sinatra/base.rb:1634:in `block in compile!'
	/Users/marcinchabiera/.rbenv/versions/2.5.0/lib/ruby/gems/2.5.0/gems/sinatra-2.0.1/lib/sinatra/base.rb:992:in `block (3 levels) in route!'
	/Users/marcinchabiera/.rbenv/versions/2.5.0/lib/ruby/gems/2.5.0/gems/sinatra-2.0.1/lib/sinatra/base.rb:1011:in `route_eval'
	/Users/marcinchabiera/.rbenv/versions/2.5.0/lib/ruby/gems/2.5.0/gems/sinatra-2.0.1/lib/sinatra/base.rb:992:in `block (2 levels) in route!'
	/Users/marcinchabiera/.rbenv/versions/2.5.0/lib/ruby/gems/2.5.0/gems/sinatra-2.0.1/lib/sinatra/base.rb:1039:in `block in process_route'
	/Users/marcinchabiera/.rbenv/versions/2.5.0/lib/ruby/gems/2.5.0/gems/sinatra-2.0.1/lib/sinatra/base.rb:1037:in `catch'
	/Users/marcinchabiera/.rbenv/versions/2.5.0/lib/ruby/gems/2.5.0/gems/sinatra-2.0.1/lib/sinatra/base.rb:1037:in `process_route'
	/Users/marcinchabiera/.rbenv/versions/2.5.0/lib/ruby/gems/2.5.0/gems/sinatra-2.0.1/lib/sinatra/base.rb:990:in `block in route!'
	/Users/marcinchabiera/.rbenv/versions/2.5.0/lib/ruby/gems/2.5.0/gems/sinatra-2.0.1/lib/sinatra/base.rb:989:in `each'
	/Users/marcinchabiera/.rbenv/versions/2.5.0/lib/ruby/gems/2.5.0/gems/sinatra-2.0.1/lib/sinatra/base.rb:989:in `route!'
	/Users/marcinchabiera/.rbenv/versions/2.5.0/lib/ruby/gems/2.5.0/gems/sinatra-2.0.1/lib/sinatra/base.rb:1096:in `block in dispatch!'
	/Users/marcinchabiera/.rbenv/versions/2.5.0/lib/ruby/gems/2.5.0/gems/sinatra-2.0.1/lib/sinatra/base.rb:1075:in `block in invoke'
	/Users/marcinchabiera/.rbenv/versions/2.5.0/lib/ruby/gems/2.5.0/gems/sinatra-2.0.1/lib/sinatra/base.rb:1075:in `catch'
	/Users/marcinchabiera/.rbenv/versions/2.5.0/lib/ruby/gems/2.5.0/gems/sinatra-2.0.1/lib/sinatra/base.rb:1075:in `invoke'
	/Users/marcinchabiera/.rbenv/versions/2.5.0/lib/ruby/gems/2.5.0/gems/sinatra-2.0.1/lib/sinatra/base.rb:1093:in `dispatch!'
	/Users/marcinchabiera/.rbenv/versions/2.5.0/lib/ruby/gems/2.5.0/gems/sinatra-2.0.1/lib/sinatra/base.rb:924:in `block in call!'
	/Users/marcinchabiera/.rbenv/versions/2.5.0/lib/ruby/gems/2.5.0/gems/sinatra-2.0.1/lib/sinatra/base.rb:1075:in `block in invoke'
	/Users/marcinchabiera/.rbenv/versions/2.5.0/lib/ruby/gems/2.5.0/gems/sinatra-2.0.1/lib/sinatra/base.rb:1075:in `catch'
	/Users/marcinchabiera/.rbenv/versions/2.5.0/lib/ruby/gems/2.5.0/gems/sinatra-2.0.1/lib/sinatra/base.rb:1075:in `invoke'
	/Users/marcinchabiera/.rbenv/versions/2.5.0/lib/ruby/gems/2.5.0/gems/sinatra-2.0.1/lib/sinatra/base.rb:924:in `call!'
	/Users/marcinchabiera/.rbenv/versions/2.5.0/lib/ruby/gems/2.5.0/gems/sinatra-2.0.1/lib/sinatra/base.rb:913:in `call'
	/Users/marcinchabiera/.rbenv/versions/2.5.0/lib/ruby/gems/2.5.0/gems/rack-protection-2.0.1/lib/rack/protection/xss_header.rb:18:in `call'
	/Users/marcinchabiera/.rbenv/versions/2.5.0/lib/ruby/gems/2.5.0/gems/rack-protection-2.0.1/lib/rack/protection/path_traversal.rb:16:in `call'
	/Users/marcinchabiera/.rbenv/versions/2.5.0/lib/ruby/gems/2.5.0/gems/rack-protection-2.0.1/lib/rack/protection/json_csrf.rb:26:in `call'
	/Users/marcinchabiera/.rbenv/versions/2.5.0/lib/ruby/gems/2.5.0/gems/rack-protection-2.0.1/lib/rack/protection/base.rb:50:in `call'
	/Users/marcinchabiera/.rbenv/versions/2.5.0/lib/ruby/gems/2.5.0/gems/rack-protection-2.0.1/lib/rack/protection/base.rb:50:in `call'
	/Users/marcinchabiera/.rbenv/versions/2.5.0/lib/ruby/gems/2.5.0/gems/rack-protection-2.0.1/lib/rack/protection/frame_options.rb:31:in `call'
	/Users/marcinchabiera/.rbenv/versions/2.5.0/lib/ruby/gems/2.5.0/gems/rack-2.0.5/lib/rack/null_logger.rb:9:in `call'
	/Users/marcinchabiera/.rbenv/versions/2.5.0/lib/ruby/gems/2.5.0/gems/rack-2.0.5/lib/rack/head.rb:12:in `call'
	/Users/marcinchabiera/.rbenv/versions/2.5.0/lib/ruby/gems/2.5.0/gems/sinatra-2.0.1/lib/sinatra/show_exceptions.rb:22:in `call'
	/Users/marcinchabiera/.rbenv/versions/2.5.0/lib/ruby/gems/2.5.0/gems/sinatra-2.0.1/lib/sinatra/base.rb:194:in `call'
	/Users/marcinchabiera/.rbenv/versions/2.5.0/lib/ruby/gems/2.5.0/gems/sinatra-2.0.1/lib/sinatra/base.rb:1957:in `call'
	/Users/marcinchabiera/.rbenv/versions/2.5.0/lib/ruby/gems/2.5.0/gems/sinatra-2.0.1/lib/sinatra/base.rb:1501:in `block in call'
	/Users/marcinchabiera/.rbenv/versions/2.5.0/lib/ruby/gems/2.5.0/gems/sinatra-2.0.1/lib/sinatra/base.rb:1728:in `synchronize'
	/Users/marcinchabiera/.rbenv/versions/2.5.0/lib/ruby/gems/2.5.0/gems/sinatra-2.0.1/lib/sinatra/base.rb:1501:in `call'
	/Users/marcinchabiera/.rbenv/versions/2.5.0/lib/ruby/gems/2.5.0/gems/rack-2.0.5/lib/rack/tempfile_reaper.rb:15:in `call'
	/Users/marcinchabiera/.rbenv/versions/2.5.0/lib/ruby/gems/2.5.0/gems/rack-2.0.5/lib/rack/lint.rb:49:in `_call'
	/Users/marcinchabiera/.rbenv/versions/2.5.0/lib/ruby/gems/2.5.0/gems/rack-2.0.5/lib/rack/lint.rb:37:in `call'
	/Users/marcinchabiera/.rbenv/versions/2.5.0/lib/ruby/gems/2.5.0/gems/rack-2.0.5/lib/rack/show_exceptions.rb:23:in `call'
	/Users/marcinchabiera/.rbenv/versions/2.5.0/lib/ruby/gems/2.5.0/gems/rack-2.0.5/lib/rack/common_logger.rb:33:in `call'
	/Users/marcinchabiera/.rbenv/versions/2.5.0/lib/ruby/gems/2.5.0/gems/sinatra-2.0.1/lib/sinatra/base.rb:231:in `call'
	/Users/marcinchabiera/.rbenv/versions/2.5.0/lib/ruby/gems/2.5.0/gems/rack-2.0.5/lib/rack/chunked.rb:54:in `call'
	/Users/marcinchabiera/.rbenv/versions/2.5.0/lib/ruby/gems/2.5.0/gems/rack-2.0.5/lib/rack/content_length.rb:15:in `call'
	/Users/marcinchabiera/.rbenv/versions/2.5.0/lib/ruby/gems/2.5.0/gems/rack-2.0.5/lib/rack/handler/webrick.rb:86:in `service'
	/Users/marcinchabiera/.rbenv/versions/2.5.0/lib/ruby/2.5.0/webrick/httpserver.rb:140:in `service'
	/Users/marcinchabiera/.rbenv/versions/2.5.0/lib/ruby/2.5.0/webrick/httpserver.rb:96:in `run'
	/Users/marcinchabiera/.rbenv/versions/2.5.0/lib/ruby/2.5.0/webrick/server.rb:307:in `block in start_thread'
127.0.0.1 - - [06/Jun/2018:08:26:34 +0200] "GET / HTTP/1.1" 500 154070 0.0325
[2018-06-06 08:26:41] INFO  going to shutdown ...
[2018-06-06 08:26:42] INFO  WEBrick::HTTPServer#start done.
